<?xml version="1.0" encoding="UTF-8"?>
<testsuite xmlns:xsi="http://www.w3.org/2001/XMLSchema-instance" xsi:noNamespaceSchemaLocation="https://maven.apache.org/surefire/maven-surefire-plugin/xsd/surefire-test-report-3.0.xsd" version="3.0" name="com.portfolio.pov.PovApplicationTests" time="74.589" tests="1" errors="0" skipped="0" failures="0">
  <properties>
[...]
</properties>
  <testcase name="contextLoads" classname="com.portfolio.pov.PovApplicationTests" time="5.576">
    <system-out><![CDATA[21:25:53.306 [main] INFO org.springframework.test.context.support.AnnotationConfigContextLoaderUtils -- Could not detect default configuration classes for test class [com.portfolio.pov.PovApplicationTests]: PovApplicationTests does not declare any static, non-private, non-final, nested classes annotated with @Configuration.
21:25:54.506 [main] INFO org.springframework.boot.test.context.SpringBootTestContextBootstrapper -- Found @SpringBootConfiguration com.portfolio.pov.PovApplication for test class com.portfolio.pov.PovApplicationTests

  .   ____          _            __ _ _
 /\\ / ___'_ __ _ _(_)_ __  __ _ \ \ \ \
( ( )\___ | '_ | '_| | '_ \/ _` | \ \ \ \
 \\/  ___)| |_)| | | | | || (_| |  ) ) ) )
  '  |____| .__|_| |_|_| |_\__, | / / / /
 =========|_|==============|___/=/_/_/_/
 :: Spring Boot ::                (v3.1.0)

2023-06-25T21:25:59.943-03:00  INFO 10400 --- [           main] com.portfolio.pov.PovApplicationTests    : Starting PovApplicationTests using Java 17.0.6 with PID 10400 (started by Gabrielle Lion in D:\usuarios\alumno\escritorio\portfolio-back-end)
2023-06-25T21:25:59.950-03:00  INFO 10400 --- [           main] com.portfolio.pov.PovApplicationTests    : No active profile set, falling back to 1 default profile: "default"
2023-06-25T21:26:06.501-03:00  INFO 10400 --- [           main] .s.d.r.c.RepositoryConfigurationDelegate : Bootstrapping Spring Data JPA repositories in DEFAULT mode.
2023-06-25T21:26:07.123-03:00  INFO 10400 --- [           main] .s.d.r.c.RepositoryConfigurationDelegate : Finished Spring Data repository scanning in 562 ms. Found 9 JPA repository interfaces.
2023-06-25T21:26:11.383-03:00  INFO 10400 --- [           main] o.hibernate.jpa.internal.util.LogHelper  : HHH000204: Processing PersistenceUnitInfo [name: default]
2023-06-25T21:26:11.837-03:00  INFO 10400 --- [           main] org.hibernate.Version                    : HHH000412: Hibernate ORM core version 6.2.2.Final
2023-06-25T21:26:11.853-03:00  INFO 10400 --- [           main] org.hibernate.cfg.Environment            : HHH000406: Using bytecode reflection optimizer
2023-06-25T21:26:16.963-03:00  INFO 10400 --- [           main] o.h.b.i.BytecodeProviderInitiator        : HHH000021: Bytecode provider name : bytebuddy
2023-06-25T21:26:18.700-03:00  INFO 10400 --- [           main] o.s.o.j.p.SpringPersistenceUnitInfo      : No LoadTimeWeaver setup: ignoring JPA class transformer
2023-06-25T21:26:18.823-03:00  INFO 10400 --- [           main] com.zaxxer.hikari.HikariDataSource       : HikariPool-1 - Starting...
2023-06-25T21:26:22.628-03:00  INFO 10400 --- [           main] com.zaxxer.hikari.pool.HikariPool        : HikariPool-1 - Added connection com.mysql.cj.jdbc.ConnectionImpl@ddffa6c
2023-06-25T21:26:22.643-03:00  INFO 10400 --- [           main] com.zaxxer.hikari.HikariDataSource       : HikariPool-1 - Start completed.
2023-06-25T21:26:23.079-03:00  INFO 10400 --- [           main] org.hibernate.orm.dialect                : HHH035001: Using dialect: org.hibernate.dialect.MySQL8Dialect, version: 8.0
2023-06-25T21:26:23.079-03:00  WARN 10400 --- [           main] org.hibernate.orm.deprecation            : HHH90000026: MySQL8Dialect has been deprecated; use org.hibernate.dialect.MySQLDialect instead
2023-06-25T21:26:24.995-03:00  INFO 10400 --- [           main] o.h.b.i.BytecodeProviderInitiator        : HHH000021: Bytecode provider name : bytebuddy
2023-06-25T21:26:30.615-03:00  INFO 10400 --- [           main] o.h.e.t.j.p.i.JtaPlatformInitiator       : HHH000490: Using JtaPlatform implementation: [org.hibernate.engine.transaction.jta.platform.internal.NoJtaPlatform]
2023-06-25T21:26:40.047-03:00  INFO 10400 --- [           main] j.LocalContainerEntityManagerFactoryBean : Initialized JPA EntityManagerFactory for persistence unit 'default'
2023-06-25T21:26:50.266-03:00  WARN 10400 --- [           main] JpaBaseConfiguration$JpaWebConfiguration : spring.jpa.open-in-view is enabled by default. Therefore, database queries may be performed during view rendering. Explicitly configure spring.jpa.open-in-view to disable this warning
2023-06-25T21:27:00.418-03:00  INFO 10400 --- [           main] com.portfolio.pov.PovApplicationTests    : Started PovApplicationTests in 64.034 seconds (process running for 73.204)
]]></system-out>
  </testcase>
</testsuite>