<?xml version="1.0" encoding="UTF-8"?>
<testsuite xmlns:xsi="http://www.w3.org/2001/XMLSchema-instance" xsi:noNamespaceSchemaLocation="https://maven.apache.org/surefire/maven-surefire-plugin/xsd/surefire-test-report-3.0.xsd" version="3.0" name="com.portfolio.pov.PovApplicationTests" time="45.175" tests="1" errors="0" skipped="0" failures="0">
  <properties>
[...]
</properties>
  <testcase name="contextLoads" classname="com.portfolio.pov.PovApplicationTests" time="4.969">
    <system-out><![CDATA[16:42:08.865 [main] INFO org.springframework.test.context.support.AnnotationConfigContextLoaderUtils -- Could not detect default configuration classes for test class [com.portfolio.pov.PovApplicationTests]: PovApplicationTests does not declare any static, non-private, non-final, nested classes annotated with @Configuration.
16:42:09.896 [main] INFO org.springframework.boot.test.context.SpringBootTestContextBootstrapper -- Found @SpringBootConfiguration com.portfolio.pov.PovApplication for test class com.portfolio.pov.PovApplicationTests

  .   ____          _            __ _ _
 /\\ / ___'_ __ _ _(_)_ __  __ _ \ \ \ \
( ( )\___ | '_ | '_| | '_ \/ _` | \ \ \ \
 \\/  ___)| |_)| | | | | || (_| |  ) ) ) )
  '  |____| .__|_| |_|_| |_\__, | / / / /
 =========|_|==============|___/=/_/_/_/
 :: Spring Boot ::                (v3.1.0)

2023-06-27T16:42:13.355-03:00  INFO 13764 --- [           main] com.portfolio.pov.PovApplicationTests    : Starting PovApplicationTests using Java 17.0.6 with PID 13764 (started by Gabrielle Lion in C:\xampp\htdocs\portfolio-back-end)
2023-06-27T16:42:13.355-03:00  INFO 13764 --- [           main] com.portfolio.pov.PovApplicationTests    : No active profile set, falling back to 1 default profile: "default"
2023-06-27T16:42:19.328-03:00  INFO 13764 --- [           main] .s.d.r.c.RepositoryConfigurationDelegate : Bootstrapping Spring Data JPA repositories in DEFAULT mode.
2023-06-27T16:42:19.922-03:00  INFO 13764 --- [           main] .s.d.r.c.RepositoryConfigurationDelegate : Finished Spring Data repository scanning in 546 ms. Found 10 JPA repository interfaces.
2023-06-27T16:42:23.531-03:00  INFO 13764 --- [           main] o.hibernate.jpa.internal.util.LogHelper  : HHH000204: Processing PersistenceUnitInfo [name: default]
2023-06-27T16:42:23.968-03:00  INFO 13764 --- [           main] org.hibernate.Version                    : HHH000412: Hibernate ORM core version 6.2.2.Final
2023-06-27T16:42:23.984-03:00  INFO 13764 --- [           main] org.hibernate.cfg.Environment            : HHH000406: Using bytecode reflection optimizer
2023-06-27T16:42:25.781-03:00  INFO 13764 --- [           main] o.h.b.i.BytecodeProviderInitiator        : HHH000021: Bytecode provider name : bytebuddy
2023-06-27T16:42:26.921-03:00  INFO 13764 --- [           main] o.s.o.j.p.SpringPersistenceUnitInfo      : No LoadTimeWeaver setup: ignoring JPA class transformer
2023-06-27T16:42:27.000-03:00  INFO 13764 --- [           main] com.zaxxer.hikari.HikariDataSource       : HikariPool-1 - Starting...
2023-06-27T16:42:29.531-03:00  INFO 13764 --- [           main] com.zaxxer.hikari.pool.HikariPool        : HikariPool-1 - Added connection com.mysql.cj.jdbc.ConnectionImpl@1ad1c363
2023-06-27T16:42:29.546-03:00  INFO 13764 --- [           main] com.zaxxer.hikari.HikariDataSource       : HikariPool-1 - Start completed.
2023-06-27T16:42:30.031-03:00  INFO 13764 --- [           main] org.hibernate.orm.dialect                : HHH035001: Using dialect: org.hibernate.dialect.MySQL8Dialect, version: 8.0
2023-06-27T16:42:30.046-03:00  WARN 13764 --- [           main] org.hibernate.orm.deprecation            : HHH90000026: MySQL8Dialect has been deprecated; use org.hibernate.dialect.MySQLDialect instead
2023-06-27T16:42:32.523-03:00  INFO 13764 --- [           main] o.h.b.i.BytecodeProviderInitiator        : HHH000021: Bytecode provider name : bytebuddy
2023-06-27T16:42:38.475-03:00  INFO 13764 --- [           main] o.h.e.t.j.p.i.JtaPlatformInitiator       : HHH000490: Using JtaPlatform implementation: [org.hibernate.engine.transaction.jta.platform.internal.NoJtaPlatform]
2023-06-27T16:42:39.723-03:00  INFO 13764 --- [           main] j.LocalContainerEntityManagerFactoryBean : Initialized JPA EntityManagerFactory for persistence unit 'default'
2023-06-27T16:42:43.895-03:00  WARN 13764 --- [           main] JpaBaseConfiguration$JpaWebConfiguration : spring.jpa.open-in-view is enabled by default. Therefore, database queries may be performed during view rendering. Explicitly configure spring.jpa.open-in-view to disable this warning
2023-06-27T16:42:47.941-03:00  INFO 13764 --- [           main] com.portfolio.pov.PovApplicationTests    : Started PovApplicationTests in 36.396 seconds (process running for 44.255)
]]></system-out>
  </testcase>
</testsuite>